Cloning into 'boost'...
HEAD is now at 564e2ac Update unordered from master
Submodule 'accumulators' (https://github.com/boostorg/accumulators.git) registered for path 'libs/accumulators'
Submodule 'algorithm' (https://github.com/boostorg/algorithm.git) registered for path 'libs/algorithm'
Submodule 'align' (https://github.com/boostorg/align.git) registered for path 'libs/align'
Submodule 'any' (https://github.com/boostorg/any.git) registered for path 'libs/any'
Submodule 'array' (https://github.com/boostorg/array.git) registered for path 'libs/array'
Submodule 'asio' (https://github.com/boostorg/asio.git) registered for path 'libs/asio'
Submodule 'assert' (https://github.com/boostorg/assert.git) registered for path 'libs/assert'
Submodule 'assign' (https://github.com/boostorg/assign.git) registered for path 'libs/assign'
Submodule 'atomic' (https://github.com/boostorg/atomic.git) registered for path 'libs/atomic'
Submodule 'beast' (https://github.com/boostorg/beast.git) registered for path 'libs/beast'
Submodule 'bimap' (https://github.com/boostorg/bimap.git) registered for path 'libs/bimap'
Submodule 'bind' (https://github.com/boostorg/bind.git) registered for path 'libs/bind'
Submodule 'callable_traits' (https://github.com/boostorg/callable_traits.git) registered for path 'libs/callable_traits'
Submodule 'chrono' (https://github.com/boostorg/chrono.git) registered for path 'libs/chrono'
Submodule 'circular_buffer' (https://github.com/boostorg/circular_buffer.git) registered for path 'libs/circular_buffer'
Submodule 'compat' (https://github.com/boostorg/compat.git) registered for path 'libs/compat'
Submodule 'compatibility' (https://github.com/boostorg/compatibility.git) registered for path 'libs/compatibility'
Submodule 'compute' (https://github.com/boostorg/compute.git) registered for path 'libs/compute'
Submodule 'concept_check' (https://github.com/boostorg/concept_check.git) registered for path 'libs/concept_check'
Submodule 'config' (https://github.com/boostorg/config.git) registered for path 'libs/config'
Submodule 'container' (https://github.com/boostorg/container.git) registered for path 'libs/container'
Submodule 'container_hash' (https://github.com/boostorg/container_hash.git) registered for path 'libs/container_hash'
Submodule 'context' (https://github.com/boostorg/context.git) registered for path 'libs/context'
Submodule 'contract' (https://github.com/boostorg/contract.git) registered for path 'libs/contract'
Submodule 'conversion' (https://github.com/boostorg/conversion.git) registered for path 'libs/conversion'
Submodule 'convert' (https://github.com/boostorg/convert.git) registered for path 'libs/convert'
Submodule 'core' (https://github.com/boostorg/core.git) registered for path 'libs/core'
Submodule 'coroutine' (https://github.com/boostorg/coroutine.git) registered for path 'libs/coroutine'
Submodule 'coroutine2' (https://github.com/boostorg/coroutine2.git) registered for path 'libs/coroutine2'
Submodule 'crc' (https://github.com/boostorg/crc.git) registered for path 'libs/crc'
Submodule 'date_time' (https://github.com/boostorg/date_time.git) registered for path 'libs/date_time'
Submodule 'describe' (https://github.com/boostorg/describe.git) registered for path 'libs/describe'
Submodule 'detail' (https://github.com/boostorg/detail.git) registered for path 'libs/detail'
Submodule 'dll' (https://github.com/boostorg/dll.git) registered for path 'libs/dll'
Submodule 'dynamic_bitset' (https://github.com/boostorg/dynamic_bitset.git) registered for path 'libs/dynamic_bitset'
Submodule 'endian' (https://github.com/boostorg/endian.git) registered for path 'libs/endian'
Submodule 'exception' (https://github.com/boostorg/exception.git) registered for path 'libs/exception'
Submodule 'fiber' (https://github.com/boostorg/fiber.git) registered for path 'libs/fiber'
Submodule 'filesystem' (https://github.com/boostorg/filesystem.git) registered for path 'libs/filesystem'
Submodule 'flyweight' (https://github.com/boostorg/flyweight.git) registered for path 'libs/flyweight'
Submodule 'foreach' (https://github.com/boostorg/foreach.git) registered for path 'libs/foreach'
Submodule 'format' (https://github.com/boostorg/format.git) registered for path 'libs/format'
Submodule 'function' (https://github.com/boostorg/function.git) registered for path 'libs/function'
Submodule 'function_types' (https://github.com/boostorg/function_types.git) registered for path 'libs/function_types'
Submodule 'functional' (https://github.com/boostorg/functional.git) registered for path 'libs/functional'
Submodule 'fusion' (https://github.com/boostorg/fusion.git) registered for path 'libs/fusion'
Submodule 'geometry' (https://github.com/boostorg/geometry.git) registered for path 'libs/geometry'
Submodule 'gil' (https://github.com/boostorg/gil.git) registered for path 'libs/gil'
Submodule 'graph' (https://github.com/boostorg/graph.git) registered for path 'libs/graph'
Submodule 'graph_parallel' (https://github.com/boostorg/graph_parallel.git) registered for path 'libs/graph_parallel'
Submodule 'hana' (https://github.com/boostorg/hana.git) registered for path 'libs/hana'
Submodule 'headers' (https://github.com/boostorg/headers.git) registered for path 'libs/headers'
Submodule 'heap' (https://github.com/boostorg/heap.git) registered for path 'libs/heap'
Submodule 'histogram' (https://github.com/boostorg/histogram.git) registered for path 'libs/histogram'
Submodule 'hof' (https://github.com/boostorg/hof.git) registered for path 'libs/hof'
Submodule 'icl' (https://github.com/boostorg/icl.git) registered for path 'libs/icl'
Submodule 'integer' (https://github.com/boostorg/integer.git) registered for path 'libs/integer'
Submodule 'interprocess' (https://github.com/boostorg/interprocess.git) registered for path 'libs/interprocess'
Submodule 'intrusive' (https://github.com/boostorg/intrusive.git) registered for path 'libs/intrusive'
Submodule 'io' (https://github.com/boostorg/io.git) registered for path 'libs/io'
Submodule 'iostreams' (https://github.com/boostorg/iostreams.git) registered for path 'libs/iostreams'
Submodule 'iterator' (https://github.com/boostorg/iterator.git) registered for path 'libs/iterator'
Submodule 'json' (https://github.com/boostorg/json.git) registered for path 'libs/json'
Submodule 'lambda' (https://github.com/boostorg/lambda.git) registered for path 'libs/lambda'
Submodule 'lambda2' (https://github.com/boostorg/lambda2.git) registered for path 'libs/lambda2'
Submodule 'leaf' (https://github.com/boostorg/leaf.git) registered for path 'libs/leaf'
Submodule 'lexical_cast' (https://github.com/boostorg/lexical_cast.git) registered for path 'libs/lexical_cast'
Submodule 'local_function' (https://github.com/boostorg/local_function.git) registered for path 'libs/local_function'
Submodule 'locale' (https://github.com/boostorg/locale.git) registered for path 'libs/locale'
Submodule 'lockfree' (https://github.com/boostorg/lockfree.git) registered for path 'libs/lockfree'
Submodule 'log' (https://github.com/boostorg/log.git) registered for path 'libs/log'
Submodule 'logic' (https://github.com/boostorg/logic.git) registered for path 'libs/logic'
Submodule 'math' (https://github.com/boostorg/math.git) registered for path 'libs/math'
Submodule 'metaparse' (https://github.com/boostorg/metaparse.git) registered for path 'libs/metaparse'
Submodule 'move' (https://github.com/boostorg/move.git) registered for path 'libs/move'
Submodule 'mp11' (https://github.com/boostorg/mp11.git) registered for path 'libs/mp11'
Submodule 'mpi' (https://github.com/boostorg/mpi.git) registered for path 'libs/mpi'
Submodule 'mpl' (https://github.com/boostorg/mpl.git) registered for path 'libs/mpl'
Submodule 'msm' (https://github.com/boostorg/msm.git) registered for path 'libs/msm'
Submodule 'multi_array' (https://github.com/boostorg/multi_array.git) registered for path 'libs/multi_array'
Submodule 'multi_index' (https://github.com/boostorg/multi_index.git) registered for path 'libs/multi_index'
Submodule 'multiprecision' (https://github.com/boostorg/multiprecision.git) registered for path 'libs/multiprecision'
Submodule 'mysql' (https://github.com/boostorg/mysql.git) registered for path 'libs/mysql'
Submodule 'nowide' (https://github.com/boostorg/nowide.git) registered for path 'libs/nowide'
Submodule 'numeric_conversion' (https://github.com/boostorg/numeric_conversion.git) registered for path 'libs/numeric/conversion'
Submodule 'interval' (https://github.com/boostorg/interval.git) registered for path 'libs/numeric/interval'
Submodule 'odeint' (https://github.com/boostorg/odeint.git) registered for path 'libs/numeric/odeint'
Submodule 'ublas' (https://github.com/boostorg/ublas.git) registered for path 'libs/numeric/ublas'
Submodule 'optional' (https://github.com/boostorg/optional.git) registered for path 'libs/optional'
Submodule 'outcome' (https://github.com/boostorg/outcome.git) registered for path 'libs/outcome'
Submodule 'parameter' (https://github.com/boostorg/parameter.git) registered for path 'libs/parameter'
Submodule 'parameter_python' (https://github.com/boostorg/parameter_python.git) registered for path 'libs/parameter_python'
Submodule 'pfr' (https://github.com/boostorg/pfr.git) registered for path 'libs/pfr'
Submodule 'phoenix' (https://github.com/boostorg/phoenix.git) registered for path 'libs/phoenix'
Submodule 'poly_collection' (https://github.com/boostorg/poly_collection.git) registered for path 'libs/poly_collection'
Submodule 'polygon' (https://github.com/boostorg/polygon.git) registered for path 'libs/polygon'
Submodule 'pool' (https://github.com/boostorg/pool.git) registered for path 'libs/pool'
Submodule 'predef' (https://github.com/boostorg/predef.git) registered for path 'libs/predef'
Submodule 'preprocessor' (https://github.com/boostorg/preprocessor.git) registered for path 'libs/preprocessor'
Submodule 'process' (https://github.com/boostorg/process.git) registered for path 'libs/process'
Submodule 'program_options' (https://github.com/boostorg/program_options.git) registered for path 'libs/program_options'
Submodule 'property_map' (https://github.com/boostorg/property_map.git) registered for path 'libs/property_map'
Submodule 'property_map_parallel' (https://github.com/boostorg/property_map_parallel.git) registered for path 'libs/property_map_parallel'
Submodule 'property_tree' (https://github.com/boostorg/property_tree.git) registered for path 'libs/property_tree'
Submodule 'proto' (https://github.com/boostorg/proto.git) registered for path 'libs/proto'
Submodule 'ptr_container' (https://github.com/boostorg/ptr_container.git) registered for path 'libs/ptr_container'
Submodule 'python' (https://github.com/boostorg/python.git) registered for path 'libs/python'
Submodule 'qvm' (https://github.com/boostorg/qvm.git) registered for path 'libs/qvm'
Submodule 'random' (https://github.com/boostorg/random.git) registered for path 'libs/random'
Submodule 'range' (https://github.com/boostorg/range.git) registered for path 'libs/range'
Submodule 'ratio' (https://github.com/boostorg/ratio.git) registered for path 'libs/ratio'
Submodule 'rational' (https://github.com/boostorg/rational.git) registered for path 'libs/rational'
Submodule 'regex' (https://github.com/boostorg/regex.git) registered for path 'libs/regex'
Submodule 'safe_numerics' (https://github.com/boostorg/safe_numerics.git) registered for path 'libs/safe_numerics'
Submodule 'scope_exit' (https://github.com/boostorg/scope_exit.git) registered for path 'libs/scope_exit'
Submodule 'serialization' (https://github.com/boostorg/serialization.git) registered for path 'libs/serialization'
Submodule 'signals2' (https://github.com/boostorg/signals2.git) registered for path 'libs/signals2'
Submodule 'smart_ptr' (https://github.com/boostorg/smart_ptr.git) registered for path 'libs/smart_ptr'
Submodule 'sort' (https://github.com/boostorg/sort.git) registered for path 'libs/sort'
Submodule 'spirit' (https://github.com/boostorg/spirit.git) registered for path 'libs/spirit'
Submodule 'stacktrace' (https://github.com/boostorg/stacktrace.git) registered for path 'libs/stacktrace'
Submodule 'statechart' (https://github.com/boostorg/statechart.git) registered for path 'libs/statechart'
Submodule 'static_assert' (https://github.com/boostorg/static_assert.git) registered for path 'libs/static_assert'
Submodule 'static_string' (https://github.com/boostorg/static_string.git) registered for path 'libs/static_string'
Submodule 'stl_interfaces' (https://github.com/boostorg/stl_interfaces.git) registered for path 'libs/stl_interfaces'
Submodule 'system' (https://github.com/boostorg/system.git) registered for path 'libs/system'
Submodule 'test' (https://github.com/boostorg/test.git) registered for path 'libs/test'
Submodule 'thread' (https://github.com/boostorg/thread.git) registered for path 'libs/thread'
Submodule 'throw_exception' (https://github.com/boostorg/throw_exception.git) registered for path 'libs/throw_exception'
Submodule 'timer' (https://github.com/boostorg/timer.git) registered for path 'libs/timer'
Submodule 'tokenizer' (https://github.com/boostorg/tokenizer.git) registered for path 'libs/tokenizer'
Submodule 'tti' (https://github.com/boostorg/tti.git) registered for path 'libs/tti'
Submodule 'tuple' (https://github.com/boostorg/tuple.git) registered for path 'libs/tuple'
Submodule 'type_erasure' (https://github.com/boostorg/type_erasure.git) registered for path 'libs/type_erasure'
Submodule 'type_index' (https://github.com/boostorg/type_index.git) registered for path 'libs/type_index'
Submodule 'type_traits' (https://github.com/boostorg/type_traits.git) registered for path 'libs/type_traits'
Submodule 'typeof' (https://github.com/boostorg/typeof.git) registered for path 'libs/typeof'
Submodule 'units' (https://github.com/boostorg/units.git) registered for path 'libs/units'
Submodule 'unordered' (https://github.com/boostorg/unordered.git) registered for path 'libs/unordered'
Submodule 'url' (https://github.com/boostorg/url.git) registered for path 'libs/url'
Submodule 'utility' (https://github.com/boostorg/utility.git) registered for path 'libs/utility'
Submodule 'uuid' (https://github.com/boostorg/uuid.git) registered for path 'libs/uuid'
Submodule 'variant' (https://github.com/boostorg/variant.git) registered for path 'libs/variant'
Submodule 'variant2' (https://github.com/boostorg/variant2.git) registered for path 'libs/variant2'
Submodule 'vmd' (https://github.com/boostorg/vmd.git) registered for path 'libs/vmd'
Submodule 'wave' (https://github.com/boostorg/wave.git) registered for path 'libs/wave'
Submodule 'winapi' (https://github.com/boostorg/winapi.git) registered for path 'libs/winapi'
Submodule 'xpressive' (https://github.com/boostorg/xpressive.git) registered for path 'libs/xpressive'
Submodule 'yap' (https://github.com/boostorg/yap.git) registered for path 'libs/yap'
Submodule 'more' (https://github.com/boostorg/more.git) registered for path 'more'
Submodule 'auto_index' (https://github.com/boostorg/auto_index.git) registered for path 'tools/auto_index'
Submodule 'bcp' (https://github.com/boostorg/bcp.git) registered for path 'tools/bcp'
Submodule 'boost_install' (https://github.com/boostorg/boost_install.git) registered for path 'tools/boost_install'
Submodule 'boostbook' (https://github.com/boostorg/boostbook.git) registered for path 'tools/boostbook'
Submodule 'boostdep' (https://github.com/boostorg/boostdep.git) registered for path 'tools/boostdep'
Submodule 'build' (https://github.com/boostorg/build.git) registered for path 'tools/build'
Submodule 'check_build' (https://github.com/boostorg/check_build.git) registered for path 'tools/check_build'
Submodule 'cmake' (https://github.com/boostorg/cmake.git) registered for path 'tools/cmake'
Submodule 'docca' (https://github.com/boostorg/docca.git) registered for path 'tools/docca'
Submodule 'inspect' (https://github.com/boostorg/inspect.git) registered for path 'tools/inspect'
Submodule 'litre' (https://github.com/boostorg/litre.git) registered for path 'tools/litre'
Submodule 'quickbook' (https://github.com/boostorg/quickbook.git) registered for path 'tools/quickbook'
Cloning into '/home/zak3211/projects/oomph-lib/external_distributions/build/boost-prefix/src/boost/libs/accumulators'...
Cloning into '/home/zak3211/projects/oomph-lib/external_distributions/build/boost-prefix/src/boost/libs/algorithm'...
Cloning into '/home/zak3211/projects/oomph-lib/external_distributions/build/boost-prefix/src/boost/libs/align'...
Cloning into '/home/zak3211/projects/oomph-lib/external_distributions/build/boost-prefix/src/boost/libs/any'...
Cloning into '/home/zak3211/projects/oomph-lib/external_distributions/build/boost-prefix/src/boost/libs/array'...
Cloning into '/home/zak3211/projects/oomph-lib/external_distributions/build/boost-prefix/src/boost/libs/asio'...
Cloning into '/home/zak3211/projects/oomph-lib/external_distributions/build/boost-prefix/src/boost/libs/assert'...
Cloning into '/home/zak3211/projects/oomph-lib/external_distributions/build/boost-prefix/src/boost/libs/assign'...
Cloning into '/home/zak3211/projects/oomph-lib/external_distributions/build/boost-prefix/src/boost/libs/atomic'...
Cloning into '/home/zak3211/projects/oomph-lib/external_distributions/build/boost-prefix/src/boost/libs/beast'...
Cloning into '/home/zak3211/projects/oomph-lib/external_distributions/build/boost-prefix/src/boost/libs/bimap'...
Cloning into '/home/zak3211/projects/oomph-lib/external_distributions/build/boost-prefix/src/boost/libs/bind'...
Cloning into '/home/zak3211/projects/oomph-lib/external_distributions/build/boost-prefix/src/boost/libs/callable_traits'...
Cloning into '/home/zak3211/projects/oomph-lib/external_distributions/build/boost-prefix/src/boost/libs/chrono'...
Cloning into '/home/zak3211/projects/oomph-lib/external_distributions/build/boost-prefix/src/boost/libs/circular_buffer'...
Cloning into '/home/zak3211/projects/oomph-lib/external_distributions/build/boost-prefix/src/boost/libs/compat'...
Cloning into '/home/zak3211/projects/oomph-lib/external_distributions/build/boost-prefix/src/boost/libs/compatibility'...
Cloning into '/home/zak3211/projects/oomph-lib/external_distributions/build/boost-prefix/src/boost/libs/compute'...
Cloning into '/home/zak3211/projects/oomph-lib/external_distributions/build/boost-prefix/src/boost/libs/concept_check'...
Cloning into '/home/zak3211/projects/oomph-lib/external_distributions/build/boost-prefix/src/boost/libs/config'...
Cloning into '/home/zak3211/projects/oomph-lib/external_distributions/build/boost-prefix/src/boost/libs/container'...
Cloning into '/home/zak3211/projects/oomph-lib/external_distributions/build/boost-prefix/src/boost/libs/container_hash'...
Cloning into '/home/zak3211/projects/oomph-lib/external_distributions/build/boost-prefix/src/boost/libs/context'...
Cloning into '/home/zak3211/projects/oomph-lib/external_distributions/build/boost-prefix/src/boost/libs/contract'...
Cloning into '/home/zak3211/projects/oomph-lib/external_distributions/build/boost-prefix/src/boost/libs/conversion'...
Cloning into '/home/zak3211/projects/oomph-lib/external_distributions/build/boost-prefix/src/boost/libs/convert'...
Cloning into '/home/zak3211/projects/oomph-lib/external_distributions/build/boost-prefix/src/boost/libs/core'...
Cloning into '/home/zak3211/projects/oomph-lib/external_distributions/build/boost-prefix/src/boost/libs/coroutine'...
Cloning into '/home/zak3211/projects/oomph-lib/external_distributions/build/boost-prefix/src/boost/libs/coroutine2'...
Cloning into '/home/zak3211/projects/oomph-lib/external_distributions/build/boost-prefix/src/boost/libs/crc'...
Cloning into '/home/zak3211/projects/oomph-lib/external_distributions/build/boost-prefix/src/boost/libs/date_time'...
Cloning into '/home/zak3211/projects/oomph-lib/external_distributions/build/boost-prefix/src/boost/libs/describe'...
Cloning into '/home/zak3211/projects/oomph-lib/external_distributions/build/boost-prefix/src/boost/libs/detail'...
Cloning into '/home/zak3211/projects/oomph-lib/external_distributions/build/boost-prefix/src/boost/libs/dll'...
Cloning into '/home/zak3211/projects/oomph-lib/external_distributions/build/boost-prefix/src/boost/libs/dynamic_bitset'...
Cloning into '/home/zak3211/projects/oomph-lib/external_distributions/build/boost-prefix/src/boost/libs/endian'...
Cloning into '/home/zak3211/projects/oomph-lib/external_distributions/build/boost-prefix/src/boost/libs/exception'...
