[1/48] Building C object CMakeFiles/GKlib.dir/src/error.c.o
[2/48] Building C object CMakeFiles/GKlib.dir/src/b64.c.o
[3/48] Building C object CMakeFiles/GKlib.dir/src/cache.c.o
[4/48] Building C object CMakeFiles/GKlib.dir/src/fkvkselect.c.o
[5/48] Building C object CMakeFiles/GKlib.dir/src/fs.c.o
[6/48] Building C object CMakeFiles/GKlib.dir/src/gkregex.c.o
[7/48] Building C object CMakeFiles/GKlib.dir/src/evaluate.c.o
[8/48] Building C object CMakeFiles/GKlib.dir/src/gk_util.c.o
[9/48] Building C object CMakeFiles/GKlib.dir/src/htable.c.o
[10/48] Building C object CMakeFiles/GKlib.dir/src/getopt.c.o
[11/48] Building C object CMakeFiles/GKlib.dir/src/itemsets.c.o
[12/48] Building C object CMakeFiles/GKlib.dir/src/io.c.o
[13/48] Building C object CMakeFiles/GKlib.dir/src/mcore.c.o
[14/48] Building C object CMakeFiles/GKlib.dir/src/rw.c.o
[15/48] Building C object CMakeFiles/GKlib.dir/src/seq.c.o
[16/48] Building C object CMakeFiles/GKlib.dir/src/string.c.o
[17/48] Building C object CMakeFiles/GKlib.dir/src/random.c.o
[18/48] Building C object CMakeFiles/GKlib.dir/src/timers.c.o
[19/48] Building C object CMakeFiles/GKlib.dir/src/tokenizer.c.o
[20/48] Building C object apps/CMakeFiles/strings.dir/strings.c.o
[21/48] Building C object CMakeFiles/GKlib.dir/src/pqueue.c.o
[22/48] Building C object CMakeFiles/GKlib.dir/src/blas.c.o
[23/48] Building C object apps/CMakeFiles/fis.dir/fis.c.o
[24/48] Building C object apps/CMakeFiles/gksort.dir/gksort.c.o
[25/48] Building C object apps/CMakeFiles/gkrw.dir/gkrw.c.o
[26/48] Building C object CMakeFiles/GKlib.dir/src/graph.c.o
[27/48] Building C object apps/CMakeFiles/csrcnv.dir/csrcnv.c.o
[28/48] Building C object apps/CMakeFiles/grKx.dir/grKx.c.o
[29/48] Building C object apps/CMakeFiles/m2mnbrs.dir/m2mnbrs.c.o
[30/48] Building C object apps/CMakeFiles/cmpnbrs.dir/cmpnbrs.c.o
[31/48] Building C object apps/CMakeFiles/splatt2svd.dir/splatt2svd.c.o
[32/48] Building C object apps/CMakeFiles/gkuniq.dir/gkuniq.c.o
[33/48] Building C object apps/CMakeFiles/gkgraph.dir/gkgraph.c.o
[34/48] Building C object CMakeFiles/GKlib.dir/src/csr.c.o
[35/48] Building C object CMakeFiles/GKlib.dir/src/sort.c.o
[36/48] Building C object CMakeFiles/GKlib.dir/src/memory.c.o
[37/48] Linking C static library libGKlib.a
[38/48] Linking C executable apps/gksort
[39/48] Linking C executable apps/strings
[40/48] Linking C executable apps/m2mnbrs
[41/48] Linking C executable apps/gkgraph
[42/48] Linking C executable apps/gkrw
[43/48] Linking C executable apps/grKx
[44/48] Linking C executable apps/fis
[45/48] Linking C executable apps/csrcnv
[46/48] Linking C executable apps/cmpnbrs
[47/48] Linking C executable apps/splatt2svd
[48/48] Linking C executable apps/gkuniq
